0 info it worked if it ends with ok
1 verbose cli [ '/Users/charlesliu/.nvm/versions/node/v7.4.0/bin/node',
1 verbose cli   '/Users/charlesliu/.nvm/versions/node/v7.4.0/bin/npm',
1 verbose cli   'install',
1 verbose cli   '--save-dev',
1 verbose cli   'babel-preset-stage3' ]
2 info using npm@4.0.5
3 info using node@v7.4.0
4 silly loadCurrentTree Starting
5 silly install loadCurrentTree
6 silly install readLocalPackageData
7 silly fetchPackageMetaData babel-preset-stage3
8 silly fetchNamedPackageData babel-preset-stage3
9 silly mapToRegistry name babel-preset-stage3
10 silly mapToRegistry using default registry
11 silly mapToRegistry registry https://registry.npm.taobao.org/
12 silly mapToRegistry data Result {
12 silly mapToRegistry   raw: 'babel-preset-stage3',
12 silly mapToRegistry   scope: null,
12 silly mapToRegistry   escapedName: 'babel-preset-stage3',
12 silly mapToRegistry   name: 'babel-preset-stage3',
12 silly mapToRegistry   rawSpec: '',
12 silly mapToRegistry   spec: 'latest',
12 silly mapToRegistry   type: 'tag' }
13 silly mapToRegistry uri https://registry.npm.taobao.org/babel-preset-stage3
14 verbose request uri https://registry.npm.taobao.org/babel-preset-stage3
15 verbose request no auth needed
16 info attempt registry request try #1 at 12:27:46 PM
17 verbose request id 0047fcc237e9629e
18 http request GET https://registry.npm.taobao.org/babel-preset-stage3
19 http 404 https://registry.npm.taobao.org/babel-preset-stage3
20 verbose headers { 'content-type': 'application/json',
20 verbose headers   'cache-control': 'max-age=0',
20 verbose headers   'content-length': '2',
20 verbose headers   'accept-ranges': 'bytes',
20 verbose headers   date: 'Thu, 08 Jun 2017 04:27:48 GMT',
20 verbose headers   via: '1.1 varnish',
20 verbose headers   age: '0',
20 verbose headers   connection: 'keep-alive',
20 verbose headers   'x-served-by': 'cache-nrt6121-NRT',
20 verbose headers   'x-cache': 'MISS',
20 verbose headers   'x-cache-hits': '0',
20 verbose headers   'x-timer': 'S1496896067.224255,VS0,VE849',
20 verbose headers   vary: 'Accept-Encoding' }
21 silly get cb [ 404,
21 silly get   { 'content-type': 'application/json',
21 silly get     'cache-control': 'max-age=0',
21 silly get     'content-length': '2',
21 silly get     'accept-ranges': 'bytes',
21 silly get     date: 'Thu, 08 Jun 2017 04:27:48 GMT',
21 silly get     via: '1.1 varnish',
21 silly get     age: '0',
21 silly get     connection: 'keep-alive',
21 silly get     'x-served-by': 'cache-nrt6121-NRT',
21 silly get     'x-cache': 'MISS',
21 silly get     'x-cache-hits': '0',
21 silly get     'x-timer': 'S1496896067.224255,VS0,VE849',
21 silly get     vary: 'Accept-Encoding' } ]
22 silly fetchPackageMetaData Error: Registry returned 404 for GET on https://registry.npm.taobao.org/babel-preset-stage3
22 silly fetchPackageMetaData     at makeError (/Users/charlesliu/.nvm/versions/node/v7.4.0/lib/node_modules/npm/node_modules/npm-registry-client/lib/request.js:302:12)
22 silly fetchPackageMetaData     at CachingRegistryClient.<anonymous> (/Users/charlesliu/.nvm/versions/node/v7.4.0/lib/node_modules/npm/node_modules/npm-registry-client/lib/request.js:280:14)
22 silly fetchPackageMetaData     at Request._callback (/Users/charlesliu/.nvm/versions/node/v7.4.0/lib/node_modules/npm/node_modules/npm-registry-client/lib/request.js:210:14)
22 silly fetchPackageMetaData     at Request.self.callback (/Users/charlesliu/.nvm/versions/node/v7.4.0/lib/node_modules/npm/node_modules/request/request.js:186:22)
22 silly fetchPackageMetaData     at emitTwo (events.js:106:13)
22 silly fetchPackageMetaData     at Request.emit (events.js:191:7)
22 silly fetchPackageMetaData     at Request.<anonymous> (/Users/charlesliu/.nvm/versions/node/v7.4.0/lib/node_modules/npm/node_modules/request/request.js:1081:10)
22 silly fetchPackageMetaData     at emitOne (events.js:96:13)
22 silly fetchPackageMetaData     at Request.emit (events.js:188:7)
22 silly fetchPackageMetaData     at IncomingMessage.<anonymous> (/Users/charlesliu/.nvm/versions/node/v7.4.0/lib/node_modules/npm/node_modules/request/request.js:1001:12)
22 silly fetchPackageMetaData  error for babel-preset-stage3 { Error: Registry returned 404 for GET on https://registry.npm.taobao.org/babel-preset-stage3
22 silly fetchPackageMetaData     at makeError (/Users/charlesliu/.nvm/versions/node/v7.4.0/lib/node_modules/npm/node_modules/npm-registry-client/lib/request.js:302:12)
22 silly fetchPackageMetaData     at CachingRegistryClient.<anonymous> (/Users/charlesliu/.nvm/versions/node/v7.4.0/lib/node_modules/npm/node_modules/npm-registry-client/lib/request.js:280:14)
22 silly fetchPackageMetaData     at Request._callback (/Users/charlesliu/.nvm/versions/node/v7.4.0/lib/node_modules/npm/node_modules/npm-registry-client/lib/request.js:210:14)
22 silly fetchPackageMetaData     at Request.self.callback (/Users/charlesliu/.nvm/versions/node/v7.4.0/lib/node_modules/npm/node_modules/request/request.js:186:22)
22 silly fetchPackageMetaData     at emitTwo (events.js:106:13)
22 silly fetchPackageMetaData     at Request.emit (events.js:191:7)
22 silly fetchPackageMetaData     at Request.<anonymous> (/Users/charlesliu/.nvm/versions/node/v7.4.0/lib/node_modules/npm/node_modules/request/request.js:1081:10)
22 silly fetchPackageMetaData     at emitOne (events.js:96:13)
22 silly fetchPackageMetaData     at Request.emit (events.js:188:7)
22 silly fetchPackageMetaData     at IncomingMessage.<anonymous> (/Users/charlesliu/.nvm/versions/node/v7.4.0/lib/node_modules/npm/node_modules/request/request.js:1001:12) pkgid: 'babel-preset-stage3', statusCode: 404, code: 'E404' }
23 silly rollbackFailedOptional Starting
24 silly rollbackFailedOptional Finishing
25 silly runTopLevelLifecycles Finishing
26 silly install printInstalled
27 verbose stack Error: Registry returned 404 for GET on https://registry.npm.taobao.org/babel-preset-stage3
27 verbose stack     at makeError (/Users/charlesliu/.nvm/versions/node/v7.4.0/lib/node_modules/npm/node_modules/npm-registry-client/lib/request.js:302:12)
27 verbose stack     at CachingRegistryClient.<anonymous> (/Users/charlesliu/.nvm/versions/node/v7.4.0/lib/node_modules/npm/node_modules/npm-registry-client/lib/request.js:280:14)
27 verbose stack     at Request._callback (/Users/charlesliu/.nvm/versions/node/v7.4.0/lib/node_modules/npm/node_modules/npm-registry-client/lib/request.js:210:14)
27 verbose stack     at Request.self.callback (/Users/charlesliu/.nvm/versions/node/v7.4.0/lib/node_modules/npm/node_modules/request/request.js:186:22)
27 verbose stack     at emitTwo (events.js:106:13)
27 verbose stack     at Request.emit (events.js:191:7)
27 verbose stack     at Request.<anonymous> (/Users/charlesliu/.nvm/versions/node/v7.4.0/lib/node_modules/npm/node_modules/request/request.js:1081:10)
27 verbose stack     at emitOne (events.js:96:13)
27 verbose stack     at Request.emit (events.js:188:7)
27 verbose stack     at IncomingMessage.<anonymous> (/Users/charlesliu/.nvm/versions/node/v7.4.0/lib/node_modules/npm/node_modules/request/request.js:1001:12)
28 verbose statusCode 404
29 verbose pkgid babel-preset-stage3
30 verbose cwd /Users/charlesliu/projects/blog@react-demo/blog-react-demo-front
31 error Darwin 16.0.0
32 error argv "/Users/charlesliu/.nvm/versions/node/v7.4.0/bin/node" "/Users/charlesliu/.nvm/versions/node/v7.4.0/bin/npm" "install" "--save-dev" "babel-preset-stage3"
33 error node v7.4.0
34 error npm  v4.0.5
35 error code E404
36 error 404 Registry returned 404 for GET on https://registry.npm.taobao.org/babel-preset-stage3
37 error 404
38 error 404 'babel-preset-stage3' is not in the npm registry.
39 error 404 You should bug the author to publish it (or use the name yourself!)
40 error 404 Note that you can also install from a
41 error 404 tarball, folder, http url, or git url.
42 verbose exit [ 1, true ]
